<?xml version="1.0" encoding="UTF-8"?>
<!-- Generated by org.testng.reporters.JUnitReportReporter -->
<testsuite hostname="Shriji-PC" name="com.openweathermap.www.testcases.EndToEndScenario" tests="4" failures="0" timestamp="2 Dec 2018 21:19:10 GMT" time="93.212" errors="0">
  <testcase name="ZipCodeSearch" time="31.689" classname="com.openweathermap.www.testcases.EndToEndScenario"/>
  <testcase name="HomePageValidation" time="13.600" classname="com.openweathermap.www.testcases.EndToEndScenario"/>
  <testcase name="test_03" time="24.575" classname="com.openweathermap.www.testcases.EndToEndScenario"/>
  <testcase name="InValidCitySearch" time="23.348" classname="com.openweathermap.www.testcases.EndToEndScenario"/>
</testsuite> <!-- com.openweathermap.www.testcases.EndToEndScenario -->
